ERROR - 2024-01-11 03:53:30 --> Could not find the language line "motoclub"
ERROR - 2024-01-11 04:06:03 --> Could not find the language line "motoclub"
ERROR - 2024-01-11 04:06:15 --> Language file contains no data: language/ru/message_lang.php
ERROR - 2024-01-11 04:06:15 --> Could not find the language line "navbar_home"
ERROR - 2024-01-11 04:06:15 --> Could not find the language line "navbar_about"
ERROR - 2024-01-11 04:06:15 --> Could not find the language line "navbar_services"
ERROR - 2024-01-11 04:06:15 --> Could not find the language line "navbar_faq"
ERROR - 2024-01-11 04:06:15 --> Could not find the language line "navbar_contact"
ERROR - 2024-01-11 04:06:15 --> Could not find the language line "hero_title"
ERROR - 2024-01-11 04:06:15 --> Could not find the language line "header_description"
ERROR - 2024-01-11 04:06:15 --> Could not find the language line "explore_now"
ERROR - 2024-01-11 04:06:15 --> Could not find the language line "motoclub"
ERROR - 2024-01-11 04:06:15 --> Could not find the language line "satisfied_client"
ERROR - 2024-01-11 04:06:15 --> Could not find the language line "completed_project"
ERROR - 2024-01-11 04:06:15 --> Could not find the language line "dedicated_team"
ERROR - 2024-01-11 04:06:15 --> Could not find the language line "quality_service"
ERROR - 2024-01-11 04:06:15 --> Could not find the language line "our_services"
ERROR - 2024-01-11 04:06:15 --> Could not find the language line "all_services"
ERROR - 2024-01-11 04:06:15 --> Could not find the language line "break_repair_title"
ERROR - 2024-01-11 04:06:15 --> Could not find the language line "break_repair_description"
ERROR - 2024-01-11 04:06:15 --> Could not find the language line "details_service"
ERROR - 2024-01-11 04:06:15 --> Could not find the language line "details_service"
ERROR - 2024-01-11 04:06:15 --> Could not find the language line "engine_repair_title"
ERROR - 2024-01-11 04:06:15 --> Could not find the language line "engine_repair_description"
ERROR - 2024-01-11 04:06:15 --> Could not find the language line "details_service"
ERROR - 2024-01-11 04:06:15 --> Could not find the language line "details_service"
ERROR - 2024-01-11 04:06:15 --> Could not find the language line "tire_repair_title"
ERROR - 2024-01-11 04:06:15 --> Could not find the language line "tire_repair_description"
ERROR - 2024-01-11 04:06:15 --> Could not find the language line "details_service"
ERROR - 2024-01-11 04:06:15 --> Could not find the language line "details_service"
ERROR - 2024-01-11 04:06:15 --> Could not find the language line "cooling_system_title"
ERROR - 2024-01-11 04:06:15 --> Could not find the language line "cooling_system_description"
ERROR - 2024-01-11 04:06:15 --> Could not find the language line "details_service"
ERROR - 2024-01-11 04:06:15 --> Could not find the language line "details_service"
ERROR - 2024-01-11 04:06:15 --> Could not find the language line "battery_repair_title"
ERROR - 2024-01-11 04:06:15 --> Could not find the language line "battery_repair_description"
ERROR - 2024-01-11 04:06:15 --> Could not find the language line "details_service"
ERROR - 2024-01-11 04:06:15 --> Could not find the language line "details_service"
ERROR - 2024-01-11 04:06:15 --> Could not find the language line "steering_repair_title"
ERROR - 2024-01-11 04:06:15 --> Could not find the language line "steering_repair_description"
ERROR - 2024-01-11 04:06:15 --> Could not find the language line "details_service"
ERROR - 2024-01-11 04:06:15 --> Could not find the language line "details_service"
ERROR - 2024-01-11 04:06:15 --> Could not find the language line "all_services"
ERROR - 2024-01-11 04:06:15 --> Could not find the language line "maintenance_and_repair"
ERROR - 2024-01-11 04:06:15 --> Could not find the language line "service"
ERROR - 2024-01-11 04:06:15 --> Could not find the language line "car_exterior_cleaning"
ERROR - 2024-01-11 04:06:15 --> Could not find the language line "same_day_service"
ERROR - 2024-01-11 04:06:15 --> Could not find the language line "quick_appointment"
ERROR - 2024-01-11 04:06:15 --> Could not find the language line "convenient_location"
ERROR - 2024-01-11 04:06:15 --> Could not find the language line "complimentary_shuttle"
ERROR - 2024-01-11 04:06:15 --> Could not find the language line "get_service"
ERROR - 2024-01-11 04:06:15 --> Could not find the language line "service"
ERROR - 2024-01-11 04:06:15 --> Could not find the language line "service_rubbing_title"
ERROR - 2024-01-11 04:06:15 --> Could not find the language line "service_rubbing_description"
ERROR - 2024-01-11 04:06:15 --> Could not find the language line "get_service"
ERROR - 2024-01-11 04:06:15 --> Could not find the language line "service_your_car_title"
ERROR - 2024-01-11 04:06:15 --> Could not find the language line "service_your_car_description"
ERROR - 2024-01-11 04:06:15 --> Could not find the language line "schedule_appointment_title"
ERROR - 2024-01-11 04:06:15 --> Could not find the language line "schedule_appointment_description"
ERROR - 2024-01-11 04:06:15 --> Could not find the language line "select_your_service_title"
ERROR - 2024-01-11 04:06:15 --> Could not find the language line "select_your_service_description"
ERROR - 2024-01-11 04:06:15 --> Could not find the language line "confirm_your_request_title"
ERROR - 2024-01-11 04:06:15 --> Could not find the language line "confirm_your_request_description"
ERROR - 2024-01-11 04:06:15 --> Could not find the language line "retrieve_your_car_title"
ERROR - 2024-01-11 04:06:15 --> Could not find the language line "retrieve_your_car_description"
ERROR - 2024-01-11 04:06:26 --> Language file contains no data: language/ru/message_lang.php
ERROR - 2024-01-11 04:06:26 --> Could not find the language line "navbar_home"
ERROR - 2024-01-11 04:06:26 --> Could not find the language line "navbar_about"
ERROR - 2024-01-11 04:06:26 --> Could not find the language line "navbar_services"
ERROR - 2024-01-11 04:06:26 --> Could not find the language line "navbar_faq"
ERROR - 2024-01-11 04:06:26 --> Could not find the language line "navbar_contact"
ERROR - 2024-01-11 04:06:26 --> Could not find the language line "hero_title"
ERROR - 2024-01-11 04:06:26 --> Could not find the language line "header_description"
ERROR - 2024-01-11 04:06:26 --> Could not find the language line "explore_now"
ERROR - 2024-01-11 04:06:26 --> Could not find the language line "motoclub"
ERROR - 2024-01-11 04:06:26 --> Could not find the language line "satisfied_client"
ERROR - 2024-01-11 04:06:26 --> Could not find the language line "completed_project"
ERROR - 2024-01-11 04:06:26 --> Could not find the language line "dedicated_team"
ERROR - 2024-01-11 04:06:26 --> Could not find the language line "quality_service"
ERROR - 2024-01-11 04:06:26 --> Could not find the language line "our_services"
ERROR - 2024-01-11 04:06:26 --> Could not find the language line "all_services"
ERROR - 2024-01-11 04:06:26 --> Could not find the language line "break_repair_title"
ERROR - 2024-01-11 04:06:26 --> Could not find the language line "break_repair_description"
ERROR - 2024-01-11 04:06:26 --> Could not find the language line "details_service"
ERROR - 2024-01-11 04:06:26 --> Could not find the language line "details_service"
ERROR - 2024-01-11 04:06:26 --> Could not find the language line "engine_repair_title"
ERROR - 2024-01-11 04:06:26 --> Could not find the language line "engine_repair_description"
ERROR - 2024-01-11 04:06:26 --> Could not find the language line "details_service"
ERROR - 2024-01-11 04:06:26 --> Could not find the language line "details_service"
ERROR - 2024-01-11 04:06:26 --> Could not find the language line "tire_repair_title"
ERROR - 2024-01-11 04:06:26 --> Could not find the language line "tire_repair_description"
ERROR - 2024-01-11 04:06:26 --> Could not find the language line "details_service"
ERROR - 2024-01-11 04:06:26 --> Could not find the language line "details_service"
ERROR - 2024-01-11 04:06:26 --> Could not find the language line "cooling_system_title"
ERROR - 2024-01-11 04:06:26 --> Could not find the language line "cooling_system_description"
ERROR - 2024-01-11 04:06:26 --> Could not find the language line "details_service"
ERROR - 2024-01-11 04:06:26 --> Could not find the language line "details_service"
ERROR - 2024-01-11 04:06:26 --> Could not find the language line "battery_repair_title"
ERROR - 2024-01-11 04:06:26 --> Could not find the language line "battery_repair_description"
ERROR - 2024-01-11 04:06:26 --> Could not find the language line "details_service"
ERROR - 2024-01-11 04:06:26 --> Could not find the language line "details_service"
ERROR - 2024-01-11 04:06:26 --> Could not find the language line "steering_repair_title"
ERROR - 2024-01-11 04:06:26 --> Could not find the language line "steering_repair_description"
ERROR - 2024-01-11 04:06:26 --> Could not find the language line "details_service"
ERROR - 2024-01-11 04:06:26 --> Could not find the language line "details_service"
ERROR - 2024-01-11 04:06:26 --> Could not find the language line "all_services"
ERROR - 2024-01-11 04:06:26 --> Could not find the language line "maintenance_and_repair"
ERROR - 2024-01-11 04:06:26 --> Could not find the language line "service"
ERROR - 2024-01-11 04:06:26 --> Could not find the language line "car_exterior_cleaning"
ERROR - 2024-01-11 04:06:26 --> Could not find the language line "same_day_service"
ERROR - 2024-01-11 04:06:26 --> Could not find the language line "quick_appointment"
ERROR - 2024-01-11 04:06:26 --> Could not find the language line "convenient_location"
ERROR - 2024-01-11 04:06:26 --> Could not find the language line "complimentary_shuttle"
ERROR - 2024-01-11 04:06:26 --> Could not find the language line "get_service"
ERROR - 2024-01-11 04:06:26 --> Could not find the language line "service"
ERROR - 2024-01-11 04:06:26 --> Could not find the language line "service_rubbing_title"
ERROR - 2024-01-11 04:06:26 --> Could not find the language line "service_rubbing_description"
ERROR - 2024-01-11 04:06:26 --> Could not find the language line "get_service"
ERROR - 2024-01-11 04:06:26 --> Could not find the language line "service_your_car_title"
ERROR - 2024-01-11 04:06:26 --> Could not find the language line "service_your_car_description"
ERROR - 2024-01-11 04:06:26 --> Could not find the language line "schedule_appointment_title"
ERROR - 2024-01-11 04:06:26 --> Could not find the language line "schedule_appointment_description"
ERROR - 2024-01-11 04:06:26 --> Could not find the language line "select_your_service_title"
ERROR - 2024-01-11 04:06:26 --> Could not find the language line "select_your_service_description"
ERROR - 2024-01-11 04:06:26 --> Could not find the language line "confirm_your_request_title"
ERROR - 2024-01-11 04:06:26 --> Could not find the language line "confirm_your_request_description"
ERROR - 2024-01-11 04:06:26 --> Could not find the language line "retrieve_your_car_title"
ERROR - 2024-01-11 04:06:26 --> Could not find the language line "retrieve_your_car_description"
ERROR - 2024-01-11 04:06:51 --> Language file contains no data: language/ru/message_lang.php
ERROR - 2024-01-11 04:06:51 --> Could not find the language line "navbar_home"
ERROR - 2024-01-11 04:06:51 --> Could not find the language line "navbar_about"
ERROR - 2024-01-11 04:06:51 --> Could not find the language line "navbar_services"
ERROR - 2024-01-11 04:06:51 --> Could not find the language line "navbar_faq"
ERROR - 2024-01-11 04:06:51 --> Could not find the language line "navbar_contact"
ERROR - 2024-01-11 04:06:51 --> Could not find the language line "hero_title"
ERROR - 2024-01-11 04:06:51 --> Could not find the language line "header_description"
ERROR - 2024-01-11 04:06:51 --> Could not find the language line "explore_now"
ERROR - 2024-01-11 04:06:51 --> Could not find the language line "motoclub"
ERROR - 2024-01-11 04:06:51 --> Could not find the language line "satisfied_client"
ERROR - 2024-01-11 04:06:51 --> Could not find the language line "completed_project"
ERROR - 2024-01-11 04:06:51 --> Could not find the language line "dedicated_team"
ERROR - 2024-01-11 04:06:51 --> Could not find the language line "quality_service"
ERROR - 2024-01-11 04:06:51 --> Could not find the language line "our_services"
ERROR - 2024-01-11 04:06:51 --> Could not find the language line "all_services"
ERROR - 2024-01-11 04:06:51 --> Could not find the language line "break_repair_title"
ERROR - 2024-01-11 04:06:51 --> Could not find the language line "break_repair_description"
ERROR - 2024-01-11 04:06:51 --> Could not find the language line "details_service"
ERROR - 2024-01-11 04:06:51 --> Could not find the language line "details_service"
ERROR - 2024-01-11 04:06:51 --> Could not find the language line "engine_repair_title"
ERROR - 2024-01-11 04:06:51 --> Could not find the language line "engine_repair_description"
ERROR - 2024-01-11 04:06:51 --> Could not find the language line "details_service"
ERROR - 2024-01-11 04:06:51 --> Could not find the language line "details_service"
ERROR - 2024-01-11 04:06:51 --> Could not find the language line "tire_repair_title"
ERROR - 2024-01-11 04:06:51 --> Could not find the language line "tire_repair_description"
ERROR - 2024-01-11 04:06:51 --> Could not find the language line "details_service"
ERROR - 2024-01-11 04:06:51 --> Could not find the language line "details_service"
ERROR - 2024-01-11 04:06:51 --> Could not find the language line "cooling_system_title"
ERROR - 2024-01-11 04:06:51 --> Could not find the language line "cooling_system_description"
ERROR - 2024-01-11 04:06:51 --> Could not find the language line "details_service"
ERROR - 2024-01-11 04:06:51 --> Could not find the language line "details_service"
ERROR - 2024-01-11 04:06:51 --> Could not find the language line "battery_repair_title"
ERROR - 2024-01-11 04:06:51 --> Could not find the language line "battery_repair_description"
ERROR - 2024-01-11 04:06:51 --> Could not find the language line "details_service"
ERROR - 2024-01-11 04:06:51 --> Could not find the language line "details_service"
ERROR - 2024-01-11 04:06:51 --> Could not find the language line "steering_repair_title"
ERROR - 2024-01-11 04:06:51 --> Could not find the language line "steering_repair_description"
ERROR - 2024-01-11 04:06:51 --> Could not find the language line "details_service"
ERROR - 2024-01-11 04:06:51 --> Could not find the language line "details_service"
ERROR - 2024-01-11 04:06:51 --> Could not find the language line "all_services"
ERROR - 2024-01-11 04:06:51 --> Could not find the language line "maintenance_and_repair"
ERROR - 2024-01-11 04:06:51 --> Could not find the language line "service"
ERROR - 2024-01-11 04:06:51 --> Could not find the language line "car_exterior_cleaning"
ERROR - 2024-01-11 04:06:51 --> Could not find the language line "same_day_service"
ERROR - 2024-01-11 04:06:51 --> Could not find the language line "quick_appointment"
ERROR - 2024-01-11 04:06:51 --> Could not find the language line "convenient_location"
ERROR - 2024-01-11 04:06:51 --> Could not find the language line "complimentary_shuttle"
ERROR - 2024-01-11 04:06:51 --> Could not find the language line "get_service"
ERROR - 2024-01-11 04:06:51 --> Could not find the language line "service"
ERROR - 2024-01-11 04:06:51 --> Could not find the language line "service_rubbing_title"
ERROR - 2024-01-11 04:06:51 --> Could not find the language line "service_rubbing_description"
ERROR - 2024-01-11 04:06:51 --> Could not find the language line "get_service"
ERROR - 2024-01-11 04:06:51 --> Could not find the language line "service_your_car_title"
ERROR - 2024-01-11 04:06:51 --> Could not find the language line "service_your_car_description"
ERROR - 2024-01-11 04:06:51 --> Could not find the language line "schedule_appointment_title"
ERROR - 2024-01-11 04:06:51 --> Could not find the language line "schedule_appointment_description"
ERROR - 2024-01-11 04:06:51 --> Could not find the language line "select_your_service_title"
ERROR - 2024-01-11 04:06:51 --> Could not find the language line "select_your_service_description"
ERROR - 2024-01-11 04:06:51 --> Could not find the language line "confirm_your_request_title"
ERROR - 2024-01-11 04:06:51 --> Could not find the language line "confirm_your_request_description"
ERROR - 2024-01-11 04:06:51 --> Could not find the language line "retrieve_your_car_title"
ERROR - 2024-01-11 04:06:51 --> Could not find the language line "retrieve_your_car_description"
ERROR - 2024-01-11 04:07:03 --> Language file contains no data: language/ru/message_lang.php
ERROR - 2024-01-11 04:07:03 --> Could not find the language line "hero_title"
ERROR - 2024-01-11 04:07:03 --> Could not find the language line "header_description"
ERROR - 2024-01-11 04:07:03 --> Could not find the language line "explore_now"
ERROR - 2024-01-11 04:07:03 --> Could not find the language line "motoclub"
ERROR - 2024-01-11 04:07:03 --> Could not find the language line "satisfied_client"
ERROR - 2024-01-11 04:07:03 --> Could not find the language line "completed_project"
ERROR - 2024-01-11 04:07:03 --> Could not find the language line "dedicated_team"
ERROR - 2024-01-11 04:07:03 --> Could not find the language line "quality_service"
ERROR - 2024-01-11 04:07:03 --> Could not find the language line "our_services"
ERROR - 2024-01-11 04:07:03 --> Could not find the language line "all_services"
ERROR - 2024-01-11 04:07:03 --> Could not find the language line "break_repair_title"
ERROR - 2024-01-11 04:07:03 --> Could not find the language line "break_repair_description"
ERROR - 2024-01-11 04:07:03 --> Could not find the language line "details_service"
ERROR - 2024-01-11 04:07:03 --> Could not find the language line "details_service"
ERROR - 2024-01-11 04:07:03 --> Could not find the language line "engine_repair_title"
ERROR - 2024-01-11 04:07:03 --> Could not find the language line "engine_repair_description"
ERROR - 2024-01-11 04:07:03 --> Could not find the language line "details_service"
ERROR - 2024-01-11 04:07:03 --> Could not find the language line "details_service"
ERROR - 2024-01-11 04:07:03 --> Could not find the language line "tire_repair_title"
ERROR - 2024-01-11 04:07:03 --> Could not find the language line "tire_repair_description"
ERROR - 2024-01-11 04:07:03 --> Could not find the language line "details_service"
ERROR - 2024-01-11 04:07:03 --> Could not find the language line "details_service"
ERROR - 2024-01-11 04:07:03 --> Could not find the language line "cooling_system_title"
ERROR - 2024-01-11 04:07:03 --> Could not find the language line "cooling_system_description"
ERROR - 2024-01-11 04:07:03 --> Could not find the language line "details_service"
ERROR - 2024-01-11 04:07:03 --> Could not find the language line "details_service"
ERROR - 2024-01-11 04:07:03 --> Could not find the language line "battery_repair_title"
ERROR - 2024-01-11 04:07:03 --> Could not find the language line "battery_repair_description"
ERROR - 2024-01-11 04:07:03 --> Could not find the language line "details_service"
ERROR - 2024-01-11 04:07:03 --> Could not find the language line "details_service"
ERROR - 2024-01-11 04:07:03 --> Could not find the language line "steering_repair_title"
ERROR - 2024-01-11 04:07:03 --> Could not find the language line "steering_repair_description"
ERROR - 2024-01-11 04:07:03 --> Could not find the language line "details_service"
ERROR - 2024-01-11 04:07:03 --> Could not find the language line "details_service"
ERROR - 2024-01-11 04:07:03 --> Could not find the language line "all_services"
ERROR - 2024-01-11 04:07:03 --> Could not find the language line "maintenance_and_repair"
ERROR - 2024-01-11 04:07:03 --> Could not find the language line "service"
ERROR - 2024-01-11 04:07:03 --> Could not find the language line "car_exterior_cleaning"
ERROR - 2024-01-11 04:07:03 --> Could not find the language line "same_day_service"
ERROR - 2024-01-11 04:07:03 --> Could not find the language line "quick_appointment"
ERROR - 2024-01-11 04:07:03 --> Could not find the language line "convenient_location"
ERROR - 2024-01-11 04:07:03 --> Could not find the language line "complimentary_shuttle"
ERROR - 2024-01-11 04:07:03 --> Could not find the language line "get_service"
ERROR - 2024-01-11 04:07:03 --> Could not find the language line "service"
ERROR - 2024-01-11 04:07:03 --> Could not find the language line "service_rubbing_title"
ERROR - 2024-01-11 04:07:03 --> Could not find the language line "service_rubbing_description"
ERROR - 2024-01-11 04:07:03 --> Could not find the language line "get_service"
ERROR - 2024-01-11 04:07:03 --> Could not find the language line "service_your_car_title"
ERROR - 2024-01-11 04:07:03 --> Could not find the language line "service_your_car_description"
ERROR - 2024-01-11 04:07:03 --> Could not find the language line "schedule_appointment_title"
ERROR - 2024-01-11 04:07:03 --> Could not find the language line "schedule_appointment_description"
ERROR - 2024-01-11 04:07:03 --> Could not find the language line "select_your_service_title"
ERROR - 2024-01-11 04:07:03 --> Could not find the language line "select_your_service_description"
ERROR - 2024-01-11 04:07:03 --> Could not find the language line "confirm_your_request_title"
ERROR - 2024-01-11 04:07:03 --> Could not find the language line "confirm_your_request_description"
ERROR - 2024-01-11 04:07:03 --> Could not find the language line "retrieve_your_car_title"
ERROR - 2024-01-11 04:07:03 --> Could not find the language line "retrieve_your_car_description"
ERROR - 2024-01-11 04:12:46 --> Could not find the language line "hero_title"
ERROR - 2024-01-11 04:12:46 --> Could not find the language line "header_description"
ERROR - 2024-01-11 04:12:46 --> Could not find the language line "explore_now"
ERROR - 2024-01-11 04:12:46 --> Could not find the language line "motoclub"
ERROR - 2024-01-11 04:12:46 --> Could not find the language line "satisfied_client"
ERROR - 2024-01-11 04:12:46 --> Could not find the language line "completed_project"
ERROR - 2024-01-11 04:12:46 --> Could not find the language line "dedicated_team"
ERROR - 2024-01-11 04:12:46 --> Could not find the language line "quality_service"
ERROR - 2024-01-11 04:12:46 --> Could not find the language line "our_services"
ERROR - 2024-01-11 04:12:46 --> Could not find the language line "all_services"
ERROR - 2024-01-11 04:12:46 --> Could not find the language line "break_repair_title"
ERROR - 2024-01-11 04:12:46 --> Could not find the language line "break_repair_description"
ERROR - 2024-01-11 04:12:46 --> Could not find the language line "details_service"
ERROR - 2024-01-11 04:12:46 --> Could not find the language line "details_service"
ERROR - 2024-01-11 04:12:46 --> Could not find the language line "engine_repair_title"
ERROR - 2024-01-11 04:12:46 --> Could not find the language line "engine_repair_description"
ERROR - 2024-01-11 04:12:46 --> Could not find the language line "details_service"
ERROR - 2024-01-11 04:12:46 --> Could not find the language line "details_service"
ERROR - 2024-01-11 04:12:46 --> Could not find the language line "tire_repair_title"
ERROR - 2024-01-11 04:12:46 --> Could not find the language line "tire_repair_description"
ERROR - 2024-01-11 04:12:46 --> Could not find the language line "details_service"
ERROR - 2024-01-11 04:12:46 --> Could not find the language line "details_service"
ERROR - 2024-01-11 04:12:46 --> Could not find the language line "cooling_system_title"
ERROR - 2024-01-11 04:12:46 --> Could not find the language line "cooling_system_description"
ERROR - 2024-01-11 04:12:46 --> Could not find the language line "details_service"
ERROR - 2024-01-11 04:12:46 --> Could not find the language line "details_service"
ERROR - 2024-01-11 04:12:46 --> Could not find the language line "battery_repair_title"
ERROR - 2024-01-11 04:12:46 --> Could not find the language line "battery_repair_description"
ERROR - 2024-01-11 04:12:46 --> Could not find the language line "details_service"
ERROR - 2024-01-11 04:12:46 --> Could not find the language line "details_service"
ERROR - 2024-01-11 04:12:46 --> Could not find the language line "steering_repair_title"
ERROR - 2024-01-11 04:12:46 --> Could not find the language line "steering_repair_description"
ERROR - 2024-01-11 04:12:46 --> Could not find the language line "details_service"
ERROR - 2024-01-11 04:12:46 --> Could not find the language line "details_service"
ERROR - 2024-01-11 04:12:46 --> Could not find the language line "all_services"
ERROR - 2024-01-11 04:12:46 --> Could not find the language line "maintenance_and_repair"
ERROR - 2024-01-11 04:12:46 --> Could not find the language line "service"
ERROR - 2024-01-11 04:12:46 --> Could not find the language line "car_exterior_cleaning"
ERROR - 2024-01-11 04:12:46 --> Could not find the language line "same_day_service"
ERROR - 2024-01-11 04:12:46 --> Could not find the language line "quick_appointment"
ERROR - 2024-01-11 04:12:46 --> Could not find the language line "convenient_location"
ERROR - 2024-01-11 04:12:46 --> Could not find the language line "complimentary_shuttle"
ERROR - 2024-01-11 04:12:46 --> Could not find the language line "get_service"
ERROR - 2024-01-11 04:12:46 --> Could not find the language line "service"
ERROR - 2024-01-11 04:12:46 --> Could not find the language line "service_rubbing_title"
ERROR - 2024-01-11 04:12:46 --> Could not find the language line "service_rubbing_description"
ERROR - 2024-01-11 04:12:46 --> Could not find the language line "get_service"
ERROR - 2024-01-11 04:12:46 --> Could not find the language line "service_your_car_title"
ERROR - 2024-01-11 04:12:46 --> Could not find the language line "service_your_car_description"
ERROR - 2024-01-11 04:12:46 --> Could not find the language line "schedule_appointment_title"
ERROR - 2024-01-11 04:12:46 --> Could not find the language line "schedule_appointment_description"
ERROR - 2024-01-11 04:12:46 --> Could not find the language line "select_your_service_title"
ERROR - 2024-01-11 04:12:46 --> Could not find the language line "select_your_service_description"
ERROR - 2024-01-11 04:12:46 --> Could not find the language line "confirm_your_request_title"
ERROR - 2024-01-11 04:12:46 --> Could not find the language line "confirm_your_request_description"
ERROR - 2024-01-11 04:12:46 --> Could not find the language line "retrieve_your_car_title"
ERROR - 2024-01-11 04:12:46 --> Could not find the language line "retrieve_your_car_description"
ERROR - 2024-01-11 04:12:46 --> Could not find the language line "footer_about_text"
ERROR - 2024-01-11 04:12:46 --> Could not find the language line "footer_support_center_text"
ERROR - 2024-01-11 04:12:46 --> Could not find the language line "footer_popular_services_text"
ERROR - 2024-01-11 04:12:51 --> Could not find the language line "navbar_home"
ERROR - 2024-01-11 04:12:51 --> Could not find the language line "navbar_about"
ERROR - 2024-01-11 04:12:51 --> Could not find the language line "navbar_services"
ERROR - 2024-01-11 04:12:51 --> Could not find the language line "navbar_faq"
ERROR - 2024-01-11 04:12:51 --> Could not find the language line "navbar_contact"
ERROR - 2024-01-11 04:12:51 --> Could not find the language line "hero_title"
ERROR - 2024-01-11 04:12:51 --> Could not find the language line "header_description"
ERROR - 2024-01-11 04:12:51 --> Could not find the language line "explore_now"
ERROR - 2024-01-11 04:12:51 --> Could not find the language line "motoclub"
ERROR - 2024-01-11 04:12:51 --> Could not find the language line "satisfied_client"
ERROR - 2024-01-11 04:12:51 --> Could not find the language line "completed_project"
ERROR - 2024-01-11 04:12:51 --> Could not find the language line "dedicated_team"
ERROR - 2024-01-11 04:12:51 --> Could not find the language line "quality_service"
ERROR - 2024-01-11 04:12:51 --> Could not find the language line "our_services"
ERROR - 2024-01-11 04:12:51 --> Could not find the language line "all_services"
ERROR - 2024-01-11 04:12:51 --> Could not find the language line "break_repair_title"
ERROR - 2024-01-11 04:12:51 --> Could not find the language line "break_repair_description"
ERROR - 2024-01-11 04:12:51 --> Could not find the language line "details_service"
ERROR - 2024-01-11 04:12:51 --> Could not find the language line "details_service"
ERROR - 2024-01-11 04:12:51 --> Could not find the language line "engine_repair_title"
ERROR - 2024-01-11 04:12:51 --> Could not find the language line "engine_repair_description"
ERROR - 2024-01-11 04:12:51 --> Could not find the language line "details_service"
ERROR - 2024-01-11 04:12:51 --> Could not find the language line "details_service"
ERROR - 2024-01-11 04:12:51 --> Could not find the language line "tire_repair_title"
ERROR - 2024-01-11 04:12:51 --> Could not find the language line "tire_repair_description"
ERROR - 2024-01-11 04:12:51 --> Could not find the language line "details_service"
ERROR - 2024-01-11 04:12:51 --> Could not find the language line "details_service"
ERROR - 2024-01-11 04:12:51 --> Could not find the language line "cooling_system_title"
ERROR - 2024-01-11 04:12:51 --> Could not find the language line "cooling_system_description"
ERROR - 2024-01-11 04:12:51 --> Could not find the language line "details_service"
ERROR - 2024-01-11 04:12:51 --> Could not find the language line "details_service"
ERROR - 2024-01-11 04:12:51 --> Could not find the language line "battery_repair_title"
ERROR - 2024-01-11 04:12:51 --> Could not find the language line "battery_repair_description"
ERROR - 2024-01-11 04:12:51 --> Could not find the language line "details_service"
ERROR - 2024-01-11 04:12:51 --> Could not find the language line "details_service"
ERROR - 2024-01-11 04:12:51 --> Could not find the language line "steering_repair_title"
ERROR - 2024-01-11 04:12:51 --> Could not find the language line "steering_repair_description"
ERROR - 2024-01-11 04:12:51 --> Could not find the language line "details_service"
ERROR - 2024-01-11 04:12:51 --> Could not find the language line "details_service"
ERROR - 2024-01-11 04:12:51 --> Could not find the language line "all_services"
ERROR - 2024-01-11 04:12:51 --> Could not find the language line "maintenance_and_repair"
ERROR - 2024-01-11 04:12:51 --> Could not find the language line "service"
ERROR - 2024-01-11 04:12:51 --> Could not find the language line "car_exterior_cleaning"
ERROR - 2024-01-11 04:12:51 --> Could not find the language line "same_day_service"
ERROR - 2024-01-11 04:12:51 --> Could not find the language line "quick_appointment"
ERROR - 2024-01-11 04:12:51 --> Could not find the language line "convenient_location"
ERROR - 2024-01-11 04:12:51 --> Could not find the language line "complimentary_shuttle"
ERROR - 2024-01-11 04:12:51 --> Could not find the language line "get_service"
ERROR - 2024-01-11 04:12:51 --> Could not find the language line "service"
ERROR - 2024-01-11 04:12:51 --> Could not find the language line "service_rubbing_title"
ERROR - 2024-01-11 04:12:51 --> Could not find the language line "service_rubbing_description"
ERROR - 2024-01-11 04:12:51 --> Could not find the language line "get_service"
ERROR - 2024-01-11 04:12:51 --> Could not find the language line "service_your_car_title"
ERROR - 2024-01-11 04:12:51 --> Could not find the language line "service_your_car_description"
ERROR - 2024-01-11 04:12:51 --> Could not find the language line "schedule_appointment_title"
ERROR - 2024-01-11 04:12:51 --> Could not find the language line "schedule_appointment_description"
ERROR - 2024-01-11 04:12:51 --> Could not find the language line "select_your_service_title"
ERROR - 2024-01-11 04:12:51 --> Could not find the language line "select_your_service_description"
ERROR - 2024-01-11 04:12:51 --> Could not find the language line "confirm_your_request_title"
ERROR - 2024-01-11 04:12:51 --> Could not find the language line "confirm_your_request_description"
ERROR - 2024-01-11 04:12:51 --> Could not find the language line "retrieve_your_car_title"
ERROR - 2024-01-11 04:12:51 --> Could not find the language line "retrieve_your_car_description"
ERROR - 2024-01-11 04:12:51 --> Could not find the language line "footer_about_text"
ERROR - 2024-01-11 04:12:51 --> Could not find the language line "footer_support_center_text"
ERROR - 2024-01-11 04:12:51 --> Could not find the language line "footer_popular_services_text"
ERROR - 2024-01-11 04:12:51 --> Could not find the language line "navbar_home"
ERROR - 2024-01-11 04:12:51 --> Could not find the language line "navbar_about"
ERROR - 2024-01-11 04:13:00 --> Could not find the language line "navbar_home"
ERROR - 2024-01-11 04:13:00 --> Could not find the language line "navbar_about"
ERROR - 2024-01-11 04:13:00 --> Could not find the language line "navbar_services"
ERROR - 2024-01-11 04:13:00 --> Could not find the language line "navbar_faq"
ERROR - 2024-01-11 04:13:00 --> Could not find the language line "navbar_contact"
ERROR - 2024-01-11 04:13:00 --> Could not find the language line "hero_title"
ERROR - 2024-01-11 04:13:00 --> Could not find the language line "header_description"
ERROR - 2024-01-11 04:13:00 --> Could not find the language line "explore_now"
ERROR - 2024-01-11 04:13:00 --> Could not find the language line "motoclub"
ERROR - 2024-01-11 04:13:00 --> Could not find the language line "satisfied_client"
ERROR - 2024-01-11 04:13:00 --> Could not find the language line "completed_project"
ERROR - 2024-01-11 04:13:00 --> Could not find the language line "dedicated_team"
ERROR - 2024-01-11 04:13:00 --> Could not find the language line "quality_service"
ERROR - 2024-01-11 04:13:00 --> Could not find the language line "our_services"
ERROR - 2024-01-11 04:13:00 --> Could not find the language line "all_services"
ERROR - 2024-01-11 04:13:00 --> Could not find the language line "break_repair_title"
ERROR - 2024-01-11 04:13:00 --> Could not find the language line "break_repair_description"
ERROR - 2024-01-11 04:13:00 --> Could not find the language line "details_service"
ERROR - 2024-01-11 04:13:00 --> Could not find the language line "details_service"
ERROR - 2024-01-11 04:13:00 --> Could not find the language line "engine_repair_title"
ERROR - 2024-01-11 04:13:00 --> Could not find the language line "engine_repair_description"
ERROR - 2024-01-11 04:13:00 --> Could not find the language line "details_service"
ERROR - 2024-01-11 04:13:00 --> Could not find the language line "details_service"
ERROR - 2024-01-11 04:13:00 --> Could not find the language line "tire_repair_title"
ERROR - 2024-01-11 04:13:00 --> Could not find the language line "tire_repair_description"
ERROR - 2024-01-11 04:13:00 --> Could not find the language line "details_service"
ERROR - 2024-01-11 04:13:00 --> Could not find the language line "details_service"
ERROR - 2024-01-11 04:13:00 --> Could not find the language line "cooling_system_title"
ERROR - 2024-01-11 04:13:00 --> Could not find the language line "cooling_system_description"
ERROR - 2024-01-11 04:13:00 --> Could not find the language line "details_service"
ERROR - 2024-01-11 04:13:00 --> Could not find the language line "details_service"
ERROR - 2024-01-11 04:13:00 --> Could not find the language line "battery_repair_title"
ERROR - 2024-01-11 04:13:00 --> Could not find the language line "battery_repair_description"
ERROR - 2024-01-11 04:13:00 --> Could not find the language line "details_service"
ERROR - 2024-01-11 04:13:00 --> Could not find the language line "details_service"
ERROR - 2024-01-11 04:13:00 --> Could not find the language line "steering_repair_title"
ERROR - 2024-01-11 04:13:00 --> Could not find the language line "steering_repair_description"
ERROR - 2024-01-11 04:13:00 --> Could not find the language line "details_service"
ERROR - 2024-01-11 04:13:00 --> Could not find the language line "details_service"
ERROR - 2024-01-11 04:13:00 --> Could not find the language line "all_services"
ERROR - 2024-01-11 04:13:00 --> Could not find the language line "maintenance_and_repair"
ERROR - 2024-01-11 04:13:00 --> Could not find the language line "service"
ERROR - 2024-01-11 04:13:00 --> Could not find the language line "car_exterior_cleaning"
ERROR - 2024-01-11 04:13:00 --> Could not find the language line "same_day_service"
ERROR - 2024-01-11 04:13:00 --> Could not find the language line "quick_appointment"
ERROR - 2024-01-11 04:13:00 --> Could not find the language line "convenient_location"
ERROR - 2024-01-11 04:13:00 --> Could not find the language line "complimentary_shuttle"
ERROR - 2024-01-11 04:13:00 --> Could not find the language line "get_service"
ERROR - 2024-01-11 04:13:00 --> Could not find the language line "service"
ERROR - 2024-01-11 04:13:00 --> Could not find the language line "service_rubbing_title"
ERROR - 2024-01-11 04:13:00 --> Could not find the language line "service_rubbing_description"
ERROR - 2024-01-11 04:13:00 --> Could not find the language line "get_service"
ERROR - 2024-01-11 04:13:00 --> Could not find the language line "service_your_car_title"
ERROR - 2024-01-11 04:13:00 --> Could not find the language line "service_your_car_description"
ERROR - 2024-01-11 04:13:00 --> Could not find the language line "schedule_appointment_title"
ERROR - 2024-01-11 04:13:00 --> Could not find the language line "schedule_appointment_description"
ERROR - 2024-01-11 04:13:00 --> Could not find the language line "select_your_service_title"
ERROR - 2024-01-11 04:13:00 --> Could not find the language line "select_your_service_description"
ERROR - 2024-01-11 04:13:00 --> Could not find the language line "confirm_your_request_title"
ERROR - 2024-01-11 04:13:00 --> Could not find the language line "confirm_your_request_description"
ERROR - 2024-01-11 04:13:00 --> Could not find the language line "retrieve_your_car_title"
ERROR - 2024-01-11 04:13:00 --> Could not find the language line "retrieve_your_car_description"
ERROR - 2024-01-11 04:13:00 --> Could not find the language line "footer_about_text"
ERROR - 2024-01-11 04:13:00 --> Could not find the language line "footer_support_center_text"
ERROR - 2024-01-11 04:13:00 --> Could not find the language line "footer_popular_services_text"
ERROR - 2024-01-11 04:13:00 --> Could not find the language line "navbar_home"
ERROR - 2024-01-11 04:13:00 --> Could not find the language line "navbar_about"
ERROR - 2024-01-11 04:13:00 --> Could not find the language line "navbar_services"
ERROR - 2024-01-11 04:13:00 --> Could not find the language line "navbar_faq"
ERROR - 2024-01-11 04:13:00 --> Could not find the language line "navbar_contact"
ERROR - 2024-01-11 04:15:30 --> Could not find the language line "navbar_home"
ERROR - 2024-01-11 04:15:30 --> Could not find the language line "navbar_about"
ERROR - 2024-01-11 04:15:30 --> Could not find the language line "navbar_services"
ERROR - 2024-01-11 04:15:30 --> Could not find the language line "navbar_faq"
ERROR - 2024-01-11 04:15:30 --> Could not find the language line "navbar_contact"
ERROR - 2024-01-11 04:15:30 --> Could not find the language line "hero_title"
ERROR - 2024-01-11 04:15:30 --> Could not find the language line "header_description"
ERROR - 2024-01-11 04:15:30 --> Could not find the language line "explore_now"
ERROR - 2024-01-11 04:15:30 --> Could not find the language line "motoclub"
ERROR - 2024-01-11 04:15:30 --> Could not find the language line "satisfied_client"
ERROR - 2024-01-11 04:15:30 --> Could not find the language line "completed_project"
ERROR - 2024-01-11 04:15:30 --> Could not find the language line "dedicated_team"
ERROR - 2024-01-11 04:15:30 --> Could not find the language line "quality_service"
ERROR - 2024-01-11 04:15:30 --> Could not find the language line "our_services"
ERROR - 2024-01-11 04:15:30 --> Could not find the language line "all_services"
ERROR - 2024-01-11 04:15:30 --> Could not find the language line "break_repair_title"
ERROR - 2024-01-11 04:15:30 --> Could not find the language line "break_repair_description"
ERROR - 2024-01-11 04:15:30 --> Could not find the language line "details_service"
ERROR - 2024-01-11 04:15:30 --> Could not find the language line "details_service"
ERROR - 2024-01-11 04:15:30 --> Could not find the language line "engine_repair_title"
ERROR - 2024-01-11 04:15:30 --> Could not find the language line "engine_repair_description"
ERROR - 2024-01-11 04:15:30 --> Could not find the language line "details_service"
ERROR - 2024-01-11 04:15:30 --> Could not find the language line "details_service"
ERROR - 2024-01-11 04:15:30 --> Could not find the language line "tire_repair_title"
ERROR - 2024-01-11 04:15:30 --> Could not find the language line "tire_repair_description"
ERROR - 2024-01-11 04:15:30 --> Could not find the language line "details_service"
ERROR - 2024-01-11 04:15:30 --> Could not find the language line "details_service"
ERROR - 2024-01-11 04:15:30 --> Could not find the language line "cooling_system_title"
ERROR - 2024-01-11 04:15:30 --> Could not find the language line "cooling_system_description"
ERROR - 2024-01-11 04:15:30 --> Could not find the language line "details_service"
ERROR - 2024-01-11 04:15:30 --> Could not find the language line "details_service"
ERROR - 2024-01-11 04:15:30 --> Could not find the language line "battery_repair_title"
ERROR - 2024-01-11 04:15:30 --> Could not find the language line "battery_repair_description"
ERROR - 2024-01-11 04:15:30 --> Could not find the language line "details_service"
ERROR - 2024-01-11 04:15:30 --> Could not find the language line "details_service"
ERROR - 2024-01-11 04:15:30 --> Could not find the language line "steering_repair_title"
ERROR - 2024-01-11 04:15:30 --> Could not find the language line "steering_repair_description"
ERROR - 2024-01-11 04:15:30 --> Could not find the language line "details_service"
ERROR - 2024-01-11 04:15:30 --> Could not find the language line "details_service"
ERROR - 2024-01-11 04:15:30 --> Could not find the language line "all_services"
ERROR - 2024-01-11 04:15:30 --> Could not find the language line "maintenance_and_repair"
ERROR - 2024-01-11 04:15:30 --> Could not find the language line "service"
ERROR - 2024-01-11 04:15:30 --> Could not find the language line "car_exterior_cleaning"
ERROR - 2024-01-11 04:15:30 --> Could not find the language line "same_day_service"
ERROR - 2024-01-11 04:15:30 --> Could not find the language line "quick_appointment"
ERROR - 2024-01-11 04:15:30 --> Could not find the language line "convenient_location"
ERROR - 2024-01-11 04:15:30 --> Could not find the language line "complimentary_shuttle"
ERROR - 2024-01-11 04:15:30 --> Could not find the language line "get_service"
ERROR - 2024-01-11 04:15:30 --> Could not find the language line "service"
ERROR - 2024-01-11 04:15:30 --> Could not find the language line "service_rubbing_title"
ERROR - 2024-01-11 04:15:30 --> Could not find the language line "service_rubbing_description"
ERROR - 2024-01-11 04:15:30 --> Could not find the language line "get_service"
ERROR - 2024-01-11 04:15:30 --> Could not find the language line "service_your_car_title"
ERROR - 2024-01-11 04:15:30 --> Could not find the language line "service_your_car_description"
ERROR - 2024-01-11 04:15:30 --> Could not find the language line "schedule_appointment_title"
ERROR - 2024-01-11 04:15:30 --> Could not find the language line "schedule_appointment_description"
ERROR - 2024-01-11 04:15:30 --> Could not find the language line "select_your_service_title"
ERROR - 2024-01-11 04:15:30 --> Could not find the language line "select_your_service_description"
ERROR - 2024-01-11 04:15:30 --> Could not find the language line "confirm_your_request_title"
ERROR - 2024-01-11 04:15:30 --> Could not find the language line "confirm_your_request_description"
ERROR - 2024-01-11 04:15:30 --> Could not find the language line "retrieve_your_car_title"
ERROR - 2024-01-11 04:15:30 --> Could not find the language line "retrieve_your_car_description"
ERROR - 2024-01-11 04:15:30 --> Could not find the language line "footer_about_text"
ERROR - 2024-01-11 04:15:30 --> Could not find the language line "footer_support_center_text"
ERROR - 2024-01-11 04:15:30 --> Could not find the language line "footer_popular_services_text"
ERROR - 2024-01-11 04:15:30 --> Could not find the language line "navbar_home"
ERROR - 2024-01-11 04:15:30 --> Could not find the language line "navbar_about"
ERROR - 2024-01-11 04:15:30 --> Could not find the language line "navbar_services"
ERROR - 2024-01-11 04:15:30 --> Could not find the language line "navbar_faq"
ERROR - 2024-01-11 04:15:30 --> Could not find the language line "navbar_contact"
ERROR - 2024-01-11 04:15:30 --> Could not find the language line "footer_subscriber_text"
ERROR - 2024-01-11 04:16:57 --> Could not find the language line "navbar_home"
ERROR - 2024-01-11 04:16:57 --> Could not find the language line "navbar_about"
ERROR - 2024-01-11 04:16:57 --> Could not find the language line "navbar_services"
ERROR - 2024-01-11 04:16:57 --> Could not find the language line "navbar_faq"
ERROR - 2024-01-11 04:16:57 --> Could not find the language line "navbar_contact"
ERROR - 2024-01-11 04:16:57 --> Could not find the language line "hero_title"
ERROR - 2024-01-11 04:16:57 --> Could not find the language line "header_description"
ERROR - 2024-01-11 04:16:57 --> Could not find the language line "explore_now"
ERROR - 2024-01-11 04:16:57 --> Could not find the language line "motoclub"
ERROR - 2024-01-11 04:16:57 --> Could not find the language line "satisfied_client"
ERROR - 2024-01-11 04:16:57 --> Could not find the language line "completed_project"
ERROR - 2024-01-11 04:16:57 --> Could not find the language line "dedicated_team"
ERROR - 2024-01-11 04:16:57 --> Could not find the language line "quality_service"
ERROR - 2024-01-11 04:16:57 --> Could not find the language line "our_services"
ERROR - 2024-01-11 04:16:57 --> Could not find the language line "all_services"
ERROR - 2024-01-11 04:16:57 --> Could not find the language line "break_repair_title"
ERROR - 2024-01-11 04:16:57 --> Could not find the language line "break_repair_description"
ERROR - 2024-01-11 04:16:57 --> Could not find the language line "details_service"
ERROR - 2024-01-11 04:16:57 --> Could not find the language line "details_service"
ERROR - 2024-01-11 04:16:57 --> Could not find the language line "engine_repair_title"
ERROR - 2024-01-11 04:16:57 --> Could not find the language line "engine_repair_description"
ERROR - 2024-01-11 04:16:57 --> Could not find the language line "details_service"
ERROR - 2024-01-11 04:16:57 --> Could not find the language line "details_service"
ERROR - 2024-01-11 04:16:57 --> Could not find the language line "tire_repair_title"
ERROR - 2024-01-11 04:16:57 --> Could not find the language line "tire_repair_description"
ERROR - 2024-01-11 04:16:57 --> Could not find the language line "details_service"
ERROR - 2024-01-11 04:16:57 --> Could not find the language line "details_service"
ERROR - 2024-01-11 04:16:57 --> Could not find the language line "cooling_system_title"
ERROR - 2024-01-11 04:16:57 --> Could not find the language line "cooling_system_description"
ERROR - 2024-01-11 04:16:57 --> Could not find the language line "details_service"
ERROR - 2024-01-11 04:16:57 --> Could not find the language line "details_service"
ERROR - 2024-01-11 04:16:57 --> Could not find the language line "battery_repair_title"
ERROR - 2024-01-11 04:16:57 --> Could not find the language line "battery_repair_description"
ERROR - 2024-01-11 04:16:57 --> Could not find the language line "details_service"
ERROR - 2024-01-11 04:16:57 --> Could not find the language line "details_service"
ERROR - 2024-01-11 04:16:57 --> Could not find the language line "steering_repair_title"
ERROR - 2024-01-11 04:16:57 --> Could not find the language line "steering_repair_description"
ERROR - 2024-01-11 04:16:57 --> Could not find the language line "details_service"
ERROR - 2024-01-11 04:16:57 --> Could not find the language line "details_service"
ERROR - 2024-01-11 04:16:57 --> Could not find the language line "all_services"
ERROR - 2024-01-11 04:16:57 --> Could not find the language line "maintenance_and_repair"
ERROR - 2024-01-11 04:16:57 --> Could not find the language line "service"
ERROR - 2024-01-11 04:16:57 --> Could not find the language line "car_exterior_cleaning"
ERROR - 2024-01-11 04:16:57 --> Could not find the language line "same_day_service"
ERROR - 2024-01-11 04:16:57 --> Could not find the language line "quick_appointment"
ERROR - 2024-01-11 04:16:57 --> Could not find the language line "convenient_location"
ERROR - 2024-01-11 04:16:57 --> Could not find the language line "complimentary_shuttle"
ERROR - 2024-01-11 04:16:57 --> Could not find the language line "get_service"
ERROR - 2024-01-11 04:16:57 --> Could not find the language line "service"
ERROR - 2024-01-11 04:16:57 --> Could not find the language line "service_rubbing_title"
ERROR - 2024-01-11 04:16:57 --> Could not find the language line "service_rubbing_description"
ERROR - 2024-01-11 04:16:57 --> Could not find the language line "get_service"
ERROR - 2024-01-11 04:16:57 --> Could not find the language line "service_your_car_title"
ERROR - 2024-01-11 04:16:57 --> Could not find the language line "service_your_car_description"
ERROR - 2024-01-11 04:16:57 --> Could not find the language line "schedule_appointment_title"
ERROR - 2024-01-11 04:16:57 --> Could not find the language line "schedule_appointment_description"
ERROR - 2024-01-11 04:16:57 --> Could not find the language line "select_your_service_title"
ERROR - 2024-01-11 04:16:57 --> Could not find the language line "select_your_service_description"
ERROR - 2024-01-11 04:16:57 --> Could not find the language line "confirm_your_request_title"
ERROR - 2024-01-11 04:16:57 --> Could not find the language line "confirm_your_request_description"
ERROR - 2024-01-11 04:16:57 --> Could not find the language line "retrieve_your_car_title"
ERROR - 2024-01-11 04:16:57 --> Could not find the language line "retrieve_your_car_description"
ERROR - 2024-01-11 04:16:57 --> Could not find the language line "footer_about_text"
ERROR - 2024-01-11 04:16:57 --> Could not find the language line "footer_support_center_text"
ERROR - 2024-01-11 04:16:57 --> Could not find the language line "footer_popular_services_text"
ERROR - 2024-01-11 04:16:57 --> Could not find the language line "navbar_home"
ERROR - 2024-01-11 04:16:57 --> Could not find the language line "navbar_about"
ERROR - 2024-01-11 04:16:57 --> Could not find the language line "navbar_services"
ERROR - 2024-01-11 04:16:57 --> Could not find the language line "navbar_faq"
ERROR - 2024-01-11 04:16:57 --> Could not find the language line "navbar_contact"
ERROR - 2024-01-11 04:16:57 --> Could not find the language line "footer_subscriber_text"
ERROR - 2024-01-11 04:16:57 --> Could not find the language line "footer_your_email_text"
ERROR - 2024-01-11 04:16:57 --> Could not find the language line "footer_subscriber_text"
ERROR - 2024-01-11 04:18:25 --> Could not find the language line "navbar_home"
ERROR - 2024-01-11 04:18:25 --> Could not find the language line "navbar_about"
ERROR - 2024-01-11 04:18:25 --> Could not find the language line "navbar_services"
ERROR - 2024-01-11 04:18:25 --> Could not find the language line "navbar_faq"
ERROR - 2024-01-11 04:18:25 --> Could not find the language line "navbar_contact"
ERROR - 2024-01-11 04:18:25 --> Could not find the language line "hero_title"
ERROR - 2024-01-11 04:18:25 --> Could not find the language line "header_description"
ERROR - 2024-01-11 04:18:25 --> Could not find the language line "explore_now"
ERROR - 2024-01-11 04:18:25 --> Could not find the language line "motoclub"
ERROR - 2024-01-11 04:18:25 --> Could not find the language line "satisfied_client"
ERROR - 2024-01-11 04:18:25 --> Could not find the language line "completed_project"
ERROR - 2024-01-11 04:18:25 --> Could not find the language line "dedicated_team"
ERROR - 2024-01-11 04:18:25 --> Could not find the language line "quality_service"
ERROR - 2024-01-11 04:18:25 --> Could not find the language line "our_services"
ERROR - 2024-01-11 04:18:25 --> Could not find the language line "all_services"
ERROR - 2024-01-11 04:18:25 --> Could not find the language line "break_repair_title"
ERROR - 2024-01-11 04:18:25 --> Could not find the language line "break_repair_description"
ERROR - 2024-01-11 04:18:25 --> Could not find the language line "details_service"
ERROR - 2024-01-11 04:18:25 --> Could not find the language line "details_service"
ERROR - 2024-01-11 04:18:25 --> Could not find the language line "engine_repair_title"
ERROR - 2024-01-11 04:18:25 --> Could not find the language line "engine_repair_description"
ERROR - 2024-01-11 04:18:25 --> Could not find the language line "details_service"
ERROR - 2024-01-11 04:18:25 --> Could not find the language line "details_service"
ERROR - 2024-01-11 04:18:25 --> Could not find the language line "tire_repair_title"
ERROR - 2024-01-11 04:18:25 --> Could not find the language line "tire_repair_description"
ERROR - 2024-01-11 04:18:25 --> Could not find the language line "details_service"
ERROR - 2024-01-11 04:18:25 --> Could not find the language line "details_service"
ERROR - 2024-01-11 04:18:25 --> Could not find the language line "cooling_system_title"
ERROR - 2024-01-11 04:18:25 --> Could not find the language line "cooling_system_description"
ERROR - 2024-01-11 04:18:25 --> Could not find the language line "details_service"
ERROR - 2024-01-11 04:18:25 --> Could not find the language line "details_service"
ERROR - 2024-01-11 04:18:25 --> Could not find the language line "battery_repair_title"
ERROR - 2024-01-11 04:18:25 --> Could not find the language line "battery_repair_description"
ERROR - 2024-01-11 04:18:25 --> Could not find the language line "details_service"
ERROR - 2024-01-11 04:18:25 --> Could not find the language line "details_service"
ERROR - 2024-01-11 04:18:25 --> Could not find the language line "steering_repair_title"
ERROR - 2024-01-11 04:18:25 --> Could not find the language line "steering_repair_description"
ERROR - 2024-01-11 04:18:25 --> Could not find the language line "details_service"
ERROR - 2024-01-11 04:18:25 --> Could not find the language line "details_service"
ERROR - 2024-01-11 04:18:25 --> Could not find the language line "all_services"
ERROR - 2024-01-11 04:18:25 --> Could not find the language line "maintenance_and_repair"
ERROR - 2024-01-11 04:18:25 --> Could not find the language line "service"
ERROR - 2024-01-11 04:18:25 --> Could not find the language line "car_exterior_cleaning"
ERROR - 2024-01-11 04:18:25 --> Could not find the language line "same_day_service"
ERROR - 2024-01-11 04:18:25 --> Could not find the language line "quick_appointment"
ERROR - 2024-01-11 04:18:25 --> Could not find the language line "convenient_location"
ERROR - 2024-01-11 04:18:25 --> Could not find the language line "complimentary_shuttle"
ERROR - 2024-01-11 04:18:25 --> Could not find the language line "get_service"
ERROR - 2024-01-11 04:18:25 --> Could not find the language line "service"
ERROR - 2024-01-11 04:18:25 --> Could not find the language line "service_rubbing_title"
ERROR - 2024-01-11 04:18:25 --> Could not find the language line "service_rubbing_description"
ERROR - 2024-01-11 04:18:25 --> Could not find the language line "get_service"
ERROR - 2024-01-11 04:18:25 --> Could not find the language line "service_your_car_title"
ERROR - 2024-01-11 04:18:25 --> Could not find the language line "service_your_car_description"
ERROR - 2024-01-11 04:18:25 --> Could not find the language line "schedule_appointment_title"
ERROR - 2024-01-11 04:18:25 --> Could not find the language line "schedule_appointment_description"
ERROR - 2024-01-11 04:18:25 --> Could not find the language line "select_your_service_title"
ERROR - 2024-01-11 04:18:25 --> Could not find the language line "select_your_service_description"
ERROR - 2024-01-11 04:18:25 --> Could not find the language line "confirm_your_request_title"
ERROR - 2024-01-11 04:18:25 --> Could not find the language line "confirm_your_request_description"
ERROR - 2024-01-11 04:18:25 --> Could not find the language line "retrieve_your_car_title"
ERROR - 2024-01-11 04:18:25 --> Could not find the language line "retrieve_your_car_description"
ERROR - 2024-01-11 04:18:25 --> Could not find the language line "footer_about_text"
ERROR - 2024-01-11 04:18:25 --> Could not find the language line "footer_support_center_text"
ERROR - 2024-01-11 04:18:25 --> Could not find the language line "footer_popular_services_text"
ERROR - 2024-01-11 04:18:25 --> Could not find the language line "navbar_home"
ERROR - 2024-01-11 04:18:25 --> Could not find the language line "navbar_about"
ERROR - 2024-01-11 04:18:25 --> Could not find the language line "navbar_services"
ERROR - 2024-01-11 04:18:25 --> Could not find the language line "navbar_faq"
ERROR - 2024-01-11 04:18:25 --> Could not find the language line "navbar_contact"
ERROR - 2024-01-11 04:18:25 --> Could not find the language line "footer_subscriber_text"
ERROR - 2024-01-11 04:18:25 --> Could not find the language line "footer_your_email_text"
ERROR - 2024-01-11 04:18:25 --> Could not find the language line "footer_enter_your_email_address_text"
ERROR - 2024-01-11 04:18:25 --> Could not find the language line "footer_subscriber_text"
ERROR - 2024-01-11 04:19:12 --> Could not find the language line "navbar_home"
ERROR - 2024-01-11 04:19:12 --> Could not find the language line "navbar_about"
ERROR - 2024-01-11 04:19:12 --> Could not find the language line "navbar_services"
ERROR - 2024-01-11 04:19:12 --> Could not find the language line "navbar_faq"
ERROR - 2024-01-11 04:19:12 --> Could not find the language line "navbar_contact"
ERROR - 2024-01-11 04:19:12 --> Could not find the language line "hero_title"
ERROR - 2024-01-11 04:19:12 --> Could not find the language line "header_description"
ERROR - 2024-01-11 04:19:12 --> Could not find the language line "explore_now"
ERROR - 2024-01-11 04:19:12 --> Could not find the language line "motoclub"
ERROR - 2024-01-11 04:19:12 --> Could not find the language line "satisfied_client"
ERROR - 2024-01-11 04:19:12 --> Could not find the language line "completed_project"
ERROR - 2024-01-11 04:19:12 --> Could not find the language line "dedicated_team"
ERROR - 2024-01-11 04:19:12 --> Could not find the language line "quality_service"
ERROR - 2024-01-11 04:19:12 --> Could not find the language line "our_services"
ERROR - 2024-01-11 04:19:12 --> Could not find the language line "all_services"
ERROR - 2024-01-11 04:19:12 --> Could not find the language line "break_repair_title"
ERROR - 2024-01-11 04:19:12 --> Could not find the language line "break_repair_description"
ERROR - 2024-01-11 04:19:12 --> Could not find the language line "details_service"
ERROR - 2024-01-11 04:19:12 --> Could not find the language line "details_service"
ERROR - 2024-01-11 04:19:12 --> Could not find the language line "engine_repair_title"
ERROR - 2024-01-11 04:19:12 --> Could not find the language line "engine_repair_description"
ERROR - 2024-01-11 04:19:12 --> Could not find the language line "details_service"
ERROR - 2024-01-11 04:19:12 --> Could not find the language line "details_service"
ERROR - 2024-01-11 04:19:12 --> Could not find the language line "tire_repair_title"
ERROR - 2024-01-11 04:19:12 --> Could not find the language line "tire_repair_description"
ERROR - 2024-01-11 04:19:12 --> Could not find the language line "details_service"
ERROR - 2024-01-11 04:19:12 --> Could not find the language line "details_service"
ERROR - 2024-01-11 04:19:12 --> Could not find the language line "cooling_system_title"
ERROR - 2024-01-11 04:19:12 --> Could not find the language line "cooling_system_description"
ERROR - 2024-01-11 04:19:12 --> Could not find the language line "details_service"
ERROR - 2024-01-11 04:19:12 --> Could not find the language line "details_service"
ERROR - 2024-01-11 04:19:12 --> Could not find the language line "battery_repair_title"
ERROR - 2024-01-11 04:19:12 --> Could not find the language line "battery_repair_description"
ERROR - 2024-01-11 04:19:12 --> Could not find the language line "details_service"
ERROR - 2024-01-11 04:19:12 --> Could not find the language line "details_service"
ERROR - 2024-01-11 04:19:12 --> Could not find the language line "steering_repair_title"
ERROR - 2024-01-11 04:19:12 --> Could not find the language line "steering_repair_description"
ERROR - 2024-01-11 04:19:12 --> Could not find the language line "details_service"
ERROR - 2024-01-11 04:19:12 --> Could not find the language line "details_service"
ERROR - 2024-01-11 04:19:12 --> Could not find the language line "all_services"
ERROR - 2024-01-11 04:19:12 --> Could not find the language line "maintenance_and_repair"
ERROR - 2024-01-11 04:19:12 --> Could not find the language line "service"
ERROR - 2024-01-11 04:19:12 --> Could not find the language line "car_exterior_cleaning"
ERROR - 2024-01-11 04:19:12 --> Could not find the language line "same_day_service"
ERROR - 2024-01-11 04:19:12 --> Could not find the language line "quick_appointment"
ERROR - 2024-01-11 04:19:12 --> Could not find the language line "convenient_location"
ERROR - 2024-01-11 04:19:12 --> Could not find the language line "complimentary_shuttle"
ERROR - 2024-01-11 04:19:12 --> Could not find the language line "get_service"
ERROR - 2024-01-11 04:19:12 --> Could not find the language line "service"
ERROR - 2024-01-11 04:19:12 --> Could not find the language line "service_rubbing_title"
ERROR - 2024-01-11 04:19:12 --> Could not find the language line "service_rubbing_description"
ERROR - 2024-01-11 04:19:12 --> Could not find the language line "get_service"
ERROR - 2024-01-11 04:19:12 --> Could not find the language line "service_your_car_title"
ERROR - 2024-01-11 04:19:12 --> Could not find the language line "service_your_car_description"
ERROR - 2024-01-11 04:19:12 --> Could not find the language line "schedule_appointment_title"
ERROR - 2024-01-11 04:19:12 --> Could not find the language line "schedule_appointment_description"
ERROR - 2024-01-11 04:19:12 --> Could not find the language line "select_your_service_title"
ERROR - 2024-01-11 04:19:12 --> Could not find the language line "select_your_service_description"
ERROR - 2024-01-11 04:19:12 --> Could not find the language line "confirm_your_request_title"
ERROR - 2024-01-11 04:19:12 --> Could not find the language line "confirm_your_request_description"
ERROR - 2024-01-11 04:19:12 --> Could not find the language line "retrieve_your_car_title"
ERROR - 2024-01-11 04:19:12 --> Could not find the language line "retrieve_your_car_description"
ERROR - 2024-01-11 04:19:12 --> Could not find the language line "footer_about_text"
ERROR - 2024-01-11 04:19:12 --> Could not find the language line "footer_support_center_text"
ERROR - 2024-01-11 04:19:12 --> Could not find the language line "footer_popular_services_text"
ERROR - 2024-01-11 04:19:12 --> Could not find the language line "navbar_home"
ERROR - 2024-01-11 04:19:12 --> Could not find the language line "navbar_about"
ERROR - 2024-01-11 04:19:12 --> Could not find the language line "navbar_services"
ERROR - 2024-01-11 04:19:12 --> Could not find the language line "navbar_faq"
ERROR - 2024-01-11 04:19:12 --> Could not find the language line "navbar_contact"
ERROR - 2024-01-11 04:19:12 --> Could not find the language line "footer_subscriber_text"
ERROR - 2024-01-11 04:19:12 --> Could not find the language line "footer_your_email_text"
ERROR - 2024-01-11 04:19:12 --> Could not find the language line "footer_enter_your_email_address_text"
ERROR - 2024-01-11 04:19:12 --> Could not find the language line "footer_subscriber_text"
ERROR - 2024-01-11 04:19:23 --> Could not find the language line "navbar_home"
ERROR - 2024-01-11 04:19:23 --> Could not find the language line "navbar_about"
ERROR - 2024-01-11 04:19:23 --> Could not find the language line "navbar_services"
ERROR - 2024-01-11 04:19:23 --> Could not find the language line "navbar_faq"
ERROR - 2024-01-11 04:19:23 --> Could not find the language line "navbar_contact"
ERROR - 2024-01-11 04:19:23 --> Could not find the language line "hero_title"
ERROR - 2024-01-11 04:19:23 --> Could not find the language line "header_description"
ERROR - 2024-01-11 04:19:23 --> Could not find the language line "explore_now"
ERROR - 2024-01-11 04:19:23 --> Could not find the language line "motoclub"
ERROR - 2024-01-11 04:19:23 --> Could not find the language line "satisfied_client"
ERROR - 2024-01-11 04:19:23 --> Could not find the language line "completed_project"
ERROR - 2024-01-11 04:19:23 --> Could not find the language line "dedicated_team"
ERROR - 2024-01-11 04:19:23 --> Could not find the language line "quality_service"
ERROR - 2024-01-11 04:19:23 --> Could not find the language line "our_services"
ERROR - 2024-01-11 04:19:23 --> Could not find the language line "all_services"
ERROR - 2024-01-11 04:19:23 --> Could not find the language line "break_repair_title"
ERROR - 2024-01-11 04:19:23 --> Could not find the language line "break_repair_description"
ERROR - 2024-01-11 04:19:23 --> Could not find the language line "details_service"
ERROR - 2024-01-11 04:19:23 --> Could not find the language line "details_service"
ERROR - 2024-01-11 04:19:23 --> Could not find the language line "engine_repair_title"
ERROR - 2024-01-11 04:19:23 --> Could not find the language line "engine_repair_description"
ERROR - 2024-01-11 04:19:23 --> Could not find the language line "details_service"
ERROR - 2024-01-11 04:19:23 --> Could not find the language line "details_service"
ERROR - 2024-01-11 04:19:23 --> Could not find the language line "tire_repair_title"
ERROR - 2024-01-11 04:19:23 --> Could not find the language line "tire_repair_description"
ERROR - 2024-01-11 04:19:23 --> Could not find the language line "details_service"
ERROR - 2024-01-11 04:19:23 --> Could not find the language line "details_service"
ERROR - 2024-01-11 04:19:23 --> Could not find the language line "cooling_system_title"
ERROR - 2024-01-11 04:19:23 --> Could not find the language line "cooling_system_description"
ERROR - 2024-01-11 04:19:23 --> Could not find the language line "details_service"
ERROR - 2024-01-11 04:19:23 --> Could not find the language line "details_service"
ERROR - 2024-01-11 04:19:23 --> Could not find the language line "battery_repair_title"
ERROR - 2024-01-11 04:19:23 --> Could not find the language line "battery_repair_description"
ERROR - 2024-01-11 04:19:23 --> Could not find the language line "details_service"
ERROR - 2024-01-11 04:19:23 --> Could not find the language line "details_service"
ERROR - 2024-01-11 04:19:23 --> Could not find the language line "steering_repair_title"
ERROR - 2024-01-11 04:19:23 --> Could not find the language line "steering_repair_description"
ERROR - 2024-01-11 04:19:23 --> Could not find the language line "details_service"
ERROR - 2024-01-11 04:19:23 --> Could not find the language line "details_service"
ERROR - 2024-01-11 04:19:23 --> Could not find the language line "all_services"
ERROR - 2024-01-11 04:19:23 --> Could not find the language line "maintenance_and_repair"
ERROR - 2024-01-11 04:19:23 --> Could not find the language line "service"
ERROR - 2024-01-11 04:19:23 --> Could not find the language line "car_exterior_cleaning"
ERROR - 2024-01-11 04:19:23 --> Could not find the language line "same_day_service"
ERROR - 2024-01-11 04:19:23 --> Could not find the language line "quick_appointment"
ERROR - 2024-01-11 04:19:23 --> Could not find the language line "convenient_location"
ERROR - 2024-01-11 04:19:23 --> Could not find the language line "complimentary_shuttle"
ERROR - 2024-01-11 04:19:23 --> Could not find the language line "get_service"
ERROR - 2024-01-11 04:19:23 --> Could not find the language line "service"
ERROR - 2024-01-11 04:19:23 --> Could not find the language line "service_rubbing_title"
ERROR - 2024-01-11 04:19:23 --> Could not find the language line "service_rubbing_description"
ERROR - 2024-01-11 04:19:23 --> Could not find the language line "get_service"
ERROR - 2024-01-11 04:19:23 --> Could not find the language line "service_your_car_title"
ERROR - 2024-01-11 04:19:23 --> Could not find the language line "service_your_car_description"
ERROR - 2024-01-11 04:19:23 --> Could not find the language line "schedule_appointment_title"
ERROR - 2024-01-11 04:19:23 --> Could not find the language line "schedule_appointment_description"
ERROR - 2024-01-11 04:19:23 --> Could not find the language line "select_your_service_title"
ERROR - 2024-01-11 04:19:23 --> Could not find the language line "select_your_service_description"
ERROR - 2024-01-11 04:19:23 --> Could not find the language line "confirm_your_request_title"
ERROR - 2024-01-11 04:19:23 --> Could not find the language line "confirm_your_request_description"
ERROR - 2024-01-11 04:19:23 --> Could not find the language line "retrieve_your_car_title"
ERROR - 2024-01-11 04:19:23 --> Could not find the language line "retrieve_your_car_description"
ERROR - 2024-01-11 04:19:23 --> Could not find the language line "footer_about_text"
ERROR - 2024-01-11 04:19:23 --> Could not find the language line "footer_support_center_text"
ERROR - 2024-01-11 04:19:23 --> Could not find the language line "footer_popular_services_text"
ERROR - 2024-01-11 04:19:23 --> Could not find the language line "navbar_home"
ERROR - 2024-01-11 04:19:23 --> Could not find the language line "navbar_about"
ERROR - 2024-01-11 04:19:23 --> Could not find the language line "navbar_services"
ERROR - 2024-01-11 04:19:23 --> Could not find the language line "navbar_faq"
ERROR - 2024-01-11 04:19:23 --> Could not find the language line "navbar_contact"
ERROR - 2024-01-11 04:19:23 --> Could not find the language line "footer_subscriber_text"
ERROR - 2024-01-11 04:19:23 --> Could not find the language line "footer_your_email_text"
ERROR - 2024-01-11 04:19:23 --> Could not find the language line "footer_enter_your_email_address_text"
ERROR - 2024-01-11 04:19:23 --> Could not find the language line "footer_subscriber_text"
ERROR - 2024-01-11 04:19:42 --> Could not find the language line "navbar_home"
ERROR - 2024-01-11 04:19:42 --> Could not find the language line "navbar_about"
ERROR - 2024-01-11 04:19:42 --> Could not find the language line "navbar_services"
ERROR - 2024-01-11 04:19:42 --> Could not find the language line "navbar_faq"
ERROR - 2024-01-11 04:19:42 --> Could not find the language line "navbar_contact"
ERROR - 2024-01-11 04:19:42 --> Could not find the language line "hero_title"
ERROR - 2024-01-11 04:19:42 --> Could not find the language line "header_description"
ERROR - 2024-01-11 04:19:42 --> Could not find the language line "explore_now"
ERROR - 2024-01-11 04:19:42 --> Could not find the language line "motoclub"
ERROR - 2024-01-11 04:19:42 --> Could not find the language line "satisfied_client"
ERROR - 2024-01-11 04:19:42 --> Could not find the language line "completed_project"
ERROR - 2024-01-11 04:19:42 --> Could not find the language line "dedicated_team"
ERROR - 2024-01-11 04:19:42 --> Could not find the language line "quality_service"
ERROR - 2024-01-11 04:19:42 --> Could not find the language line "our_services"
ERROR - 2024-01-11 04:19:42 --> Could not find the language line "all_services"
ERROR - 2024-01-11 04:19:42 --> Could not find the language line "break_repair_title"
ERROR - 2024-01-11 04:19:42 --> Could not find the language line "break_repair_description"
ERROR - 2024-01-11 04:19:42 --> Could not find the language line "details_service"
ERROR - 2024-01-11 04:19:42 --> Could not find the language line "details_service"
ERROR - 2024-01-11 04:19:42 --> Could not find the language line "engine_repair_title"
ERROR - 2024-01-11 04:19:42 --> Could not find the language line "engine_repair_description"
ERROR - 2024-01-11 04:19:42 --> Could not find the language line "details_service"
ERROR - 2024-01-11 04:19:42 --> Could not find the language line "details_service"
ERROR - 2024-01-11 04:19:42 --> Could not find the language line "tire_repair_title"
ERROR - 2024-01-11 04:19:42 --> Could not find the language line "tire_repair_description"
ERROR - 2024-01-11 04:19:42 --> Could not find the language line "details_service"
ERROR - 2024-01-11 04:19:42 --> Could not find the language line "details_service"
ERROR - 2024-01-11 04:19:42 --> Could not find the language line "cooling_system_title"
ERROR - 2024-01-11 04:19:42 --> Could not find the language line "cooling_system_description"
ERROR - 2024-01-11 04:19:42 --> Could not find the language line "details_service"
ERROR - 2024-01-11 04:19:42 --> Could not find the language line "details_service"
ERROR - 2024-01-11 04:19:42 --> Could not find the language line "battery_repair_title"
ERROR - 2024-01-11 04:19:42 --> Could not find the language line "battery_repair_description"
ERROR - 2024-01-11 04:19:42 --> Could not find the language line "details_service"
ERROR - 2024-01-11 04:19:42 --> Could not find the language line "details_service"
ERROR - 2024-01-11 04:19:42 --> Could not find the language line "steering_repair_title"
ERROR - 2024-01-11 04:19:42 --> Could not find the language line "steering_repair_description"
ERROR - 2024-01-11 04:19:42 --> Could not find the language line "details_service"
ERROR - 2024-01-11 04:19:42 --> Could not find the language line "details_service"
ERROR - 2024-01-11 04:19:42 --> Could not find the language line "all_services"
ERROR - 2024-01-11 04:19:42 --> Could not find the language line "maintenance_and_repair"
ERROR - 2024-01-11 04:19:42 --> Could not find the language line "service"
ERROR - 2024-01-11 04:19:42 --> Could not find the language line "car_exterior_cleaning"
ERROR - 2024-01-11 04:19:42 --> Could not find the language line "same_day_service"
ERROR - 2024-01-11 04:19:42 --> Could not find the language line "quick_appointment"
ERROR - 2024-01-11 04:19:42 --> Could not find the language line "convenient_location"
ERROR - 2024-01-11 04:19:42 --> Could not find the language line "complimentary_shuttle"
ERROR - 2024-01-11 04:19:42 --> Could not find the language line "get_service"
ERROR - 2024-01-11 04:19:42 --> Could not find the language line "service"
ERROR - 2024-01-11 04:19:42 --> Could not find the language line "service_rubbing_title"
ERROR - 2024-01-11 04:19:42 --> Could not find the language line "service_rubbing_description"
ERROR - 2024-01-11 04:19:42 --> Could not find the language line "get_service"
ERROR - 2024-01-11 04:19:42 --> Could not find the language line "service_your_car_title"
ERROR - 2024-01-11 04:19:42 --> Could not find the language line "service_your_car_description"
ERROR - 2024-01-11 04:19:42 --> Could not find the language line "schedule_appointment_title"
ERROR - 2024-01-11 04:19:42 --> Could not find the language line "schedule_appointment_description"
ERROR - 2024-01-11 04:19:42 --> Could not find the language line "select_your_service_title"
ERROR - 2024-01-11 04:19:42 --> Could not find the language line "select_your_service_description"
ERROR - 2024-01-11 04:19:42 --> Could not find the language line "confirm_your_request_title"
ERROR - 2024-01-11 04:19:42 --> Could not find the language line "confirm_your_request_description"
ERROR - 2024-01-11 04:19:42 --> Could not find the language line "retrieve_your_car_title"
ERROR - 2024-01-11 04:19:42 --> Could not find the language line "retrieve_your_car_description"
ERROR - 2024-01-11 04:19:42 --> Could not find the language line "footer_about_text"
ERROR - 2024-01-11 04:19:42 --> Could not find the language line "footer_support_center_text"
ERROR - 2024-01-11 04:19:42 --> Could not find the language line "footer_popular_services_text"
ERROR - 2024-01-11 04:19:42 --> Could not find the language line "navbar_home"
ERROR - 2024-01-11 04:19:42 --> Could not find the language line "navbar_about"
ERROR - 2024-01-11 04:19:42 --> Could not find the language line "navbar_services"
ERROR - 2024-01-11 04:19:42 --> Could not find the language line "navbar_faq"
ERROR - 2024-01-11 04:19:42 --> Could not find the language line "navbar_contact"
ERROR - 2024-01-11 04:19:42 --> Could not find the language line "footer_subscriber_text"
ERROR - 2024-01-11 04:19:42 --> Could not find the language line "footer_your_email_text"
ERROR - 2024-01-11 04:19:42 --> Could not find the language line "footer_enter_your_email_address_text"
ERROR - 2024-01-11 04:19:42 --> Could not find the language line "footer_subscriber_text"
ERROR - 2024-01-11 04:19:44 --> Could not find the language line "motoclub"
ERROR - 2024-01-11 04:29:40 --> Could not find the language line "motoclub"
ERROR - 2024-01-11 04:29:40 --> Could not find the language line "footer_about_text"
ERROR - 2024-01-11 04:29:40 --> Could not find the language line "footer_support_center_text"
ERROR - 2024-01-11 04:29:40 --> Could not find the language line "footer_popular_services_text"
ERROR - 2024-01-11 04:29:40 --> Could not find the language line "footer_subscriber_text"
ERROR - 2024-01-11 04:29:40 --> Could not find the language line "footer_your_email_text"
ERROR - 2024-01-11 04:29:40 --> Could not find the language line "footer_enter_your_email_address_text"
ERROR - 2024-01-11 04:29:40 --> Could not find the language line "footer_subscriber_text"
ERROR - 2024-01-11 04:31:47 --> Could not find the language line "motoclub"
ERROR - 2024-01-11 04:31:47 --> Could not find the language line "footer_about_text"
ERROR - 2024-01-11 04:31:47 --> Could not find the language line "footer_support_center_text"
ERROR - 2024-01-11 04:31:47 --> Could not find the language line "footer_popular_services_text"
ERROR - 2024-01-11 04:31:47 --> Could not find the language line "footer_subscriber_text"
ERROR - 2024-01-11 04:31:47 --> Could not find the language line "footer_your_email_text"
ERROR - 2024-01-11 04:31:47 --> Could not find the language line "footer_enter_your_email_address_text"
ERROR - 2024-01-11 04:31:47 --> Could not find the language line "footer_subscriber_text"
ERROR - 2024-01-11 04:31:49 --> Could not find the language line "brake_repair"
ERROR - 2024-01-11 04:31:49 --> Could not find the language line "trust_us_brake_repairs"
ERROR - 2024-01-11 04:31:49 --> Could not find the language line "engine_repair"
ERROR - 2024-01-11 04:31:49 --> Could not find the language line "count_on_expertise_engine_repairs"
ERROR - 2024-01-11 04:31:49 --> Could not find the language line "tire_repair"
ERROR - 2024-01-11 04:31:49 --> Could not find the language line "top_notch_tire_repair_services"
ERROR - 2024-01-11 04:31:49 --> Could not find the language line "cooling_system"
ERROR - 2024-01-11 04:31:49 --> Could not find the language line "safeguard_vehicle_performance_cooling_system"
ERROR - 2024-01-11 04:31:49 --> Could not find the language line "battery_repair"
ERROR - 2024-01-11 04:31:49 --> Could not find the language line "count_on_proficient_technicians_battery_repair"
ERROR - 2024-01-11 04:31:49 --> Could not find the language line "steering_repair"
ERROR - 2024-01-11 04:31:49 --> Could not find the language line "smooth_precise_handling_steering_repair"
ERROR - 2024-01-11 04:31:49 --> Could not find the language line "car_exterior_cleaning_basic_detailing"
ERROR - 2024-01-11 04:31:49 --> Could not find the language line "rubbing_waxing_polishing"
ERROR - 2024-01-11 04:31:49 --> Could not find the language line "vehicle_services_description"
ERROR - 2024-01-11 04:31:49 --> Could not find the language line "best_multi_brand_car_repair_service"
ERROR - 2024-01-11 04:31:49 --> Could not find the language line "footer_about_text"
ERROR - 2024-01-11 04:31:49 --> Could not find the language line "footer_support_center_text"
ERROR - 2024-01-11 04:31:49 --> Could not find the language line "footer_popular_services_text"
ERROR - 2024-01-11 04:31:49 --> Could not find the language line "footer_subscriber_text"
ERROR - 2024-01-11 04:31:49 --> Could not find the language line "footer_your_email_text"
ERROR - 2024-01-11 04:31:49 --> Could not find the language line "footer_enter_your_email_address_text"
ERROR - 2024-01-11 04:31:49 --> Could not find the language line "footer_subscriber_text"
ERROR - 2024-01-11 04:31:53 --> Could not find the language line "motorclub_why_choose_us_over_others"
ERROR - 2024-01-11 04:31:53 --> Could not find the language line "motorclub_commitment_to_quality"
ERROR - 2024-01-11 04:31:53 --> Could not find the language line "motorclub_how_to_book_service"
ERROR - 2024-01-11 04:31:53 --> Could not find the language line "motorclub_easy_booking_process"
ERROR - 2024-01-11 04:31:53 --> Could not find the language line "motorclub_avail_car_services"
ERROR - 2024-01-11 04:31:53 --> Could not find the language line "motorclub_comprehensive_car_services"
ERROR - 2024-01-11 04:31:53 --> Could not find the language line "motorclub_basic_service_charges"
ERROR - 2024-01-11 04:31:53 --> Could not find the language line "motorclub_transparent_pricing"
ERROR - 2024-01-11 04:31:53 --> Could not find the language line "motorclub_drop_car_to_workshop"
ERROR - 2024-01-11 04:31:53 --> Could not find the language line "motorclub_drop_car_preference"
ERROR - 2024-01-11 04:31:53 --> Could not find the language line "motorclub_not_satisfied_with_service"
ERROR - 2024-01-11 04:31:53 --> Could not find the language line "motorclub_customer_satisfaction_guarantee"
ERROR - 2024-01-11 04:31:53 --> Could not find the language line "footer_about_text"
ERROR - 2024-01-11 04:31:53 --> Could not find the language line "footer_support_center_text"
ERROR - 2024-01-11 04:31:53 --> Could not find the language line "footer_popular_services_text"
ERROR - 2024-01-11 04:31:53 --> Could not find the language line "footer_subscriber_text"
ERROR - 2024-01-11 04:31:53 --> Could not find the language line "footer_your_email_text"
ERROR - 2024-01-11 04:31:53 --> Could not find the language line "footer_enter_your_email_address_text"
ERROR - 2024-01-11 04:31:53 --> Could not find the language line "footer_subscriber_text"
ERROR - 2024-01-11 04:32:00 --> Could not find the language line "footer_about_text"
ERROR - 2024-01-11 04:32:00 --> Could not find the language line "footer_support_center_text"
ERROR - 2024-01-11 04:32:00 --> Could not find the language line "footer_popular_services_text"
ERROR - 2024-01-11 04:32:00 --> Could not find the language line "footer_subscriber_text"
ERROR - 2024-01-11 04:32:00 --> Could not find the language line "footer_your_email_text"
ERROR - 2024-01-11 04:32:00 --> Could not find the language line "footer_enter_your_email_address_text"
ERROR - 2024-01-11 04:32:00 --> Could not find the language line "footer_subscriber_text"
ERROR - 2024-01-11 04:35:41 --> Could not find the language line "motoclub"
ERROR - 2024-01-11 04:35:45 --> Could not find the language line "motoclub"
ERROR - 2024-01-11 04:35:48 --> Could not find the language line "battery_repair"
ERROR - 2024-01-11 04:35:48 --> Could not find the language line "count_on_proficient_technicians_battery_repair"
ERROR - 2024-01-11 04:35:48 --> Could not find the language line "steering_repair"
ERROR - 2024-01-11 04:35:48 --> Could not find the language line "smooth_precise_handling_steering_repair"
ERROR - 2024-01-11 04:35:48 --> Could not find the language line "car_exterior_cleaning_basic_detailing"
ERROR - 2024-01-11 04:35:48 --> Could not find the language line "rubbing_waxing_polishing"
ERROR - 2024-01-11 04:35:48 --> Could not find the language line "vehicle_services_description"
ERROR - 2024-01-11 04:35:48 --> Could not find the language line "best_multi_brand_car_repair_service"
ERROR - 2024-01-11 05:32:18 --> Could not find the language line "motoclub"
ERROR - 2024-01-11 05:32:23 --> Could not find the language line "motoclub"
ERROR - 2024-01-11 05:32:27 --> Could not find the language line "motoclub"
ERROR - 2024-01-11 05:32:30 --> Could not find the language line "motoclub"
ERROR - 2024-01-11 05:32:48 --> Could not find the language line "motoclub"
ERROR - 2024-01-11 05:33:07 --> Could not find the language line "motoclub"
ERROR - 2024-01-11 05:33:14 --> Could not find the language line "motoclub"
ERROR - 2024-01-11 05:33:25 --> Could not find the language line "motoclub"
ERROR - 2024-01-11 05:33:29 --> Could not find the language line "motoclub"
ERROR - 2024-01-11 05:33:29 --> Could not find the language line "quality_service"
ERROR - 2024-01-11 05:33:29 --> Could not find the language line "our_services"
ERROR - 2024-01-11 05:33:29 --> Could not find the language line "all_services"
ERROR - 2024-01-11 05:33:29 --> Could not find the language line "break_repair_title"
ERROR - 2024-01-11 05:33:29 --> Could not find the language line "break_repair_description"
ERROR - 2024-01-11 05:33:29 --> Could not find the language line "details_service"
ERROR - 2024-01-11 05:33:29 --> Could not find the language line "details_service"
ERROR - 2024-01-11 05:33:29 --> Could not find the language line "engine_repair_title"
ERROR - 2024-01-11 05:33:29 --> Could not find the language line "engine_repair_description"
ERROR - 2024-01-11 05:33:29 --> Could not find the language line "details_service"
ERROR - 2024-01-11 05:33:29 --> Could not find the language line "details_service"
ERROR - 2024-01-11 05:33:29 --> Could not find the language line "tire_repair_title"
ERROR - 2024-01-11 05:33:29 --> Could not find the language line "tire_repair_description"
ERROR - 2024-01-11 05:33:29 --> Could not find the language line "details_service"
ERROR - 2024-01-11 05:33:29 --> Could not find the language line "details_service"
ERROR - 2024-01-11 05:33:29 --> Could not find the language line "cooling_system_title"
ERROR - 2024-01-11 05:33:29 --> Could not find the language line "cooling_system_description"
ERROR - 2024-01-11 05:33:29 --> Could not find the language line "details_service"
ERROR - 2024-01-11 05:33:29 --> Could not find the language line "details_service"
ERROR - 2024-01-11 05:33:29 --> Could not find the language line "battery_repair_title"
ERROR - 2024-01-11 05:33:29 --> Could not find the language line "battery_repair_description"
ERROR - 2024-01-11 05:33:29 --> Could not find the language line "details_service"
ERROR - 2024-01-11 05:33:29 --> Could not find the language line "details_service"
ERROR - 2024-01-11 05:33:29 --> Could not find the language line "steering_repair_title"
ERROR - 2024-01-11 05:33:29 --> Could not find the language line "steering_repair_description"
ERROR - 2024-01-11 05:33:29 --> Could not find the language line "details_service"
ERROR - 2024-01-11 05:33:29 --> Could not find the language line "details_service"
ERROR - 2024-01-11 05:33:29 --> Could not find the language line "all_services"
ERROR - 2024-01-11 05:33:29 --> Could not find the language line "maintenance_and_repair"
ERROR - 2024-01-11 05:33:29 --> Could not find the language line "service"
ERROR - 2024-01-11 05:33:29 --> Could not find the language line "car_exterior_cleaning"
ERROR - 2024-01-11 05:33:29 --> Could not find the language line "same_day_service"
ERROR - 2024-01-11 05:33:29 --> Could not find the language line "quick_appointment"
ERROR - 2024-01-11 05:33:29 --> Could not find the language line "convenient_location"
ERROR - 2024-01-11 05:33:29 --> Could not find the language line "complimentary_shuttle"
ERROR - 2024-01-11 05:33:29 --> Could not find the language line "get_service"
ERROR - 2024-01-11 05:33:29 --> Could not find the language line "service"
ERROR - 2024-01-11 05:33:29 --> Could not find the language line "service_rubbing_title"
ERROR - 2024-01-11 05:33:29 --> Could not find the language line "service_rubbing_description"
ERROR - 2024-01-11 05:33:29 --> Could not find the language line "get_service"
ERROR - 2024-01-11 05:33:29 --> Could not find the language line "service_your_car_title"
ERROR - 2024-01-11 05:33:29 --> Could not find the language line "service_your_car_description"
ERROR - 2024-01-11 05:33:29 --> Could not find the language line "schedule_appointment_title"
ERROR - 2024-01-11 05:33:29 --> Could not find the language line "schedule_appointment_description"
ERROR - 2024-01-11 05:33:29 --> Could not find the language line "select_your_service_title"
ERROR - 2024-01-11 05:33:29 --> Could not find the language line "select_your_service_description"
ERROR - 2024-01-11 05:33:29 --> Could not find the language line "confirm_your_request_title"
ERROR - 2024-01-11 05:33:29 --> Could not find the language line "confirm_your_request_description"
ERROR - 2024-01-11 05:33:29 --> Could not find the language line "retrieve_your_car_title"
ERROR - 2024-01-11 05:33:29 --> Could not find the language line "retrieve_your_car_description"
ERROR - 2024-01-11 05:33:29 --> Could not find the language line "footer_about_text"
ERROR - 2024-01-11 05:33:29 --> Could not find the language line "footer_support_center_text"
ERROR - 2024-01-11 05:33:29 --> Could not find the language line "footer_popular_services_text"
ERROR - 2024-01-11 05:33:29 --> Could not find the language line "footer_subscriber_text"
ERROR - 2024-01-11 05:33:29 --> Could not find the language line "footer_your_email_text"
ERROR - 2024-01-11 05:33:29 --> Could not find the language line "footer_enter_your_email_address_text"
ERROR - 2024-01-11 05:33:29 --> Could not find the language line "footer_subscriber_text"
ERROR - 2024-01-11 05:46:13 --> Could not find the language line "motoclub"
ERROR - 2024-01-11 05:46:16 --> Could not find the language line "motoclub"
ERROR - 2024-01-11 05:46:18 --> Could not find the language line "motoclub"
ERROR - 2024-01-11 05:50:59 --> Could not find the language line "motoclub"
ERROR - 2024-01-11 05:56:32 --> Could not find the language line "motoclub"
ERROR - 2024-01-11 05:59:44 --> Could not find the language line "motoclub"
ERROR - 2024-01-11 06:00:13 --> Could not find the language line "motoclub"
ERROR - 2024-01-11 06:10:43 --> Could not find the language line "motoclub"
ERROR - 2024-01-11 06:10:45 --> Could not find the language line "motoclub"
ERROR - 2024-01-11 06:12:24 --> Could not find the language line "motoclub"
ERROR - 2024-01-11 06:15:50 --> Could not find the language line "motoclub"
ERROR - 2024-01-11 06:16:22 --> Could not find the language line "motoclub"
ERROR - 2024-01-11 06:17:02 --> Could not find the language line "motoclub"
ERROR - 2024-01-11 06:22:05 --> Could not find the language line "motoclub"
ERROR - 2024-01-11 06:24:39 --> Could not find the language line "motoclub"
ERROR - 2024-01-11 06:24:41 --> Could not find the language line "motoclub"
ERROR - 2024-01-11 06:25:31 --> Could not find the language line "motoclub"
ERROR - 2024-01-11 06:26:09 --> Could not find the language line "motoclub"
ERROR - 2024-01-11 06:26:26 --> Could not find the language line "motoclub"
ERROR - 2024-01-11 06:28:14 --> Could not find the language line "motoclub"
ERROR - 2024-01-11 06:28:46 --> Could not find the language line "motoclub"
ERROR - 2024-01-11 06:29:01 --> Could not find the language line "motoclub"
ERROR - 2024-01-11 06:31:54 --> Could not find the language line "motoclub"
ERROR - 2024-01-11 06:32:45 --> Could not find the language line "motoclub"
ERROR - 2024-01-11 06:33:58 --> Could not find the language line "motoclub"
ERROR - 2024-01-11 06:34:05 --> Could not find the language line "motoclub"
ERROR - 2024-01-11 06:34:43 --> Could not find the language line "motoclub"
ERROR - 2024-01-11 06:34:55 --> Could not find the language line "motoclub"
ERROR - 2024-01-11 06:35:13 --> Could not find the language line "motoclub"
ERROR - 2024-01-11 06:35:24 --> Could not find the language line "motoclub"
ERROR - 2024-01-11 06:36:12 --> Could not find the language line "motoclub"
ERROR - 2024-01-11 06:36:30 --> Could not find the language line "motoclub"
ERROR - 2024-01-11 06:36:57 --> Could not find the language line "motoclub"
ERROR - 2024-01-11 06:37:04 --> Could not find the language line "motoclub"
ERROR - 2024-01-11 06:37:15 --> Could not find the language line "motoclub"
ERROR - 2024-01-11 06:37:22 --> Could not find the language line "motoclub"
ERROR - 2024-01-11 06:37:37 --> Could not find the language line "motoclub"
ERROR - 2024-01-11 06:37:46 --> Could not find the language line "motoclub"
ERROR - 2024-01-11 06:37:51 --> Could not find the language line "motoclub"
ERROR - 2024-01-11 06:38:01 --> Could not find the language line "motoclub"
ERROR - 2024-01-11 06:38:20 --> Could not find the language line "motoclub"
ERROR - 2024-01-11 06:38:25 --> Could not find the language line "motoclub"
ERROR - 2024-01-11 06:38:33 --> Could not find the language line "motoclub"
ERROR - 2024-01-11 06:38:41 --> Could not find the language line "motoclub"
ERROR - 2024-01-11 06:39:07 --> Could not find the language line "motoclub"
ERROR - 2024-01-11 06:39:18 --> Could not find the language line "motoclub"
ERROR - 2024-01-11 06:39:26 --> Could not find the language line "motoclub"
ERROR - 2024-01-11 06:39:36 --> Could not find the language line "motoclub"
ERROR - 2024-01-11 06:39:52 --> Could not find the language line "motoclub"
ERROR - 2024-01-11 06:39:59 --> Could not find the language line "motoclub"
ERROR - 2024-01-11 06:40:08 --> Could not find the language line "motoclub"
ERROR - 2024-01-11 06:41:10 --> Could not find the language line "motoclub"
ERROR - 2024-01-11 06:41:57 --> Could not find the language line "motoclub"
ERROR - 2024-01-11 06:42:05 --> Could not find the language line "motoclub"
ERROR - 2024-01-11 06:42:28 --> Could not find the language line "motoclub"
ERROR - 2024-01-11 06:42:35 --> Could not find the language line "motoclub"
ERROR - 2024-01-11 06:44:55 --> Could not find the language line "motoclub"
ERROR - 2024-01-11 06:45:01 --> Could not find the language line "motoclub"
ERROR - 2024-01-11 06:45:09 --> Could not find the language line "motoclub"
ERROR - 2024-01-11 06:45:30 --> Could not find the language line "motoclub"
ERROR - 2024-01-11 06:46:02 --> Could not find the language line "motoclub"
ERROR - 2024-01-11 06:47:48 --> Could not find the language line "motoclub"
ERROR - 2024-01-11 06:48:22 --> Could not find the language line "motoclub"
ERROR - 2024-01-11 06:48:32 --> Could not find the language line "motoclub"
ERROR - 2024-01-11 06:48:53 --> Could not find the language line "motoclub"
ERROR - 2024-01-11 06:49:00 --> Could not find the language line "motoclub"
ERROR - 2024-01-11 06:49:06 --> Could not find the language line "motoclub"
ERROR - 2024-01-11 06:49:17 --> Could not find the language line "motoclub"
ERROR - 2024-01-11 06:49:34 --> Could not find the language line "motoclub"
ERROR - 2024-01-11 06:49:38 --> Could not find the language line "motoclub"
ERROR - 2024-01-11 06:50:29 --> Could not find the language line "motoclub"
ERROR - 2024-01-11 06:57:58 --> Could not find the language line "motoclub"
ERROR - 2024-01-11 06:58:14 --> Could not find the language line "motoclub"
ERROR - 2024-01-11 06:58:24 --> Could not find the language line "motoclub"
ERROR - 2024-01-11 06:58:57 --> Could not find the language line "motoclub"
ERROR - 2024-01-11 06:59:48 --> Could not find the language line "motoclub"
ERROR - 2024-01-11 06:59:59 --> Could not find the language line "motoclub"
ERROR - 2024-01-11 07:00:09 --> Could not find the language line "motoclub"
ERROR - 2024-01-11 07:00:17 --> Could not find the language line "motoclub"
ERROR - 2024-01-11 07:00:38 --> Could not find the language line "motoclub"
ERROR - 2024-01-11 07:00:41 --> Could not find the language line "motoclub"
ERROR - 2024-01-11 07:00:55 --> Could not find the language line "motoclub"
ERROR - 2024-01-11 07:01:07 --> Could not find the language line "motoclub"
ERROR - 2024-01-11 07:01:50 --> Could not find the language line "motoclub"
ERROR - 2024-01-11 07:02:17 --> Could not find the language line "motoclub"
ERROR - 2024-01-11 07:03:48 --> Could not find the language line "motoclub"
ERROR - 2024-01-11 07:03:52 --> Could not find the language line "motoclub"
ERROR - 2024-01-11 07:04:53 --> Could not find the language line "motoclub"
ERROR - 2024-01-11 07:05:28 --> Could not find the language line "motoclub"
ERROR - 2024-01-11 07:06:10 --> Could not find the language line "motoclub"
ERROR - 2024-01-11 07:06:16 --> Could not find the language line "motoclub"
ERROR - 2024-01-11 07:07:17 --> Could not find the language line "motoclub"
ERROR - 2024-01-11 07:10:02 --> Could not find the language line "motoclub"
