ERROR - 2024-01-10 05:57:38 --> Severity: Warning --> Undefined array key "HTTP_REFERER" C:\OSPanel\domains\themotorclubca\application\controllers\LanguageSwitcher.php 26
ERROR - 2024-01-10 05:57:43 --> Severity: Warning --> Undefined array key "HTTP_REFERER" C:\OSPanel\domains\themotorclubca\application\controllers\LanguageSwitcher.php 26
ERROR - 2024-01-10 06:13:52 --> Severity: Warning --> Undefined property: LanguageLoader::$lang C:\OSPanel\domains\themotorclubca\application\hooks\LanguageLoader.php 12
ERROR - 2024-01-10 06:13:52 --> Severity: error --> Exception: Call to a member function load() on null C:\OSPanel\domains\themotorclubca\application\hooks\LanguageLoader.php 12
ERROR - 2024-01-10 06:23:11 --> Could not find the language line "motoclub"
ERROR - 2024-01-10 06:25:06 --> Could not find the language line "motoclub"
ERROR - 2024-01-10 06:41:05 --> Could not find the language line "motoclub"
ERROR - 2024-01-10 06:41:08 --> Could not find the language line "motoclub"
ERROR - 2024-01-10 06:41:36 --> Could not find the language line "motoclub"
ERROR - 2024-01-10 06:42:41 --> Could not find the language line "motoclub"
ERROR - 2024-01-10 06:52:57 --> Could not find the language line "motoclub"
ERROR - 2024-01-10 07:04:56 --> Could not find the language line "motoclub"
ERROR - 2024-01-10 07:05:07 --> 404 Page Not Found: Services/index
ERROR - 2024-01-10 07:05:42 --> 404 Page Not Found: Services/index
ERROR - 2024-01-10 07:05:51 --> 404 Page Not Found: Services/index
ERROR - 2024-01-10 07:14:10 --> Could not find the language line "motoclub"
ERROR - 2024-01-10 07:14:12 --> 404 Page Not Found: Assets/images
ERROR - 2024-01-10 07:14:41 --> 404 Page Not Found: Assets/images
ERROR - 2024-01-10 07:20:50 --> Could not find the language line "motoclub"
ERROR - 2024-01-10 07:20:58 --> Could not find the language line "motoclub"
ERROR - 2024-01-10 07:21:03 --> Could not find the language line "motoclub"
ERROR - 2024-01-10 07:22:05 --> Could not find the language line "motoclub"
